0 info it worked if it ends with ok
1 verbose cli [ 'C:\\Program Files\\nodejs\\\\node.exe',
1 verbose cli   'C:\\Program Files\\nodejs\\node_modules\\npm\\bin\\npm-cli.js',
1 verbose cli   'publish' ]
2 info using npm@1.1.59
3 info using node@v0.8.8
4 verbose node symlink C:\Program Files\nodejs\\node.exe
5 verbose publish [ '.' ]
6 verbose read json C:\Users\Nicholas\projects\personal\parser-lib\npm\package.json
7 verbose cache add [ '.', null ]
8 silly cache add name=undefined spec="." args=[".",null]
9 verbose parsed url { pathname: '.', path: '.', href: '.' }
10 silly lockFile 3a52ce78- .
11 verbose lock . C:\Users\Nicholas\AppData\Roaming\npm-cache\3a52ce78-.lock
12 verbose read json package.json
13 silly lockFile 3a52ce78- .
14 error addLocal Could not install .
15 error Error: invalid version: @VERSION@
15 error     at validVersion (C:\Program Files\nodejs\node_modules\npm\node_modules\read-package-json\read-json.js:522:40)
15 error     at final (C:\Program Files\nodejs\node_modules\npm\node_modules\read-package-json\read-json.js:289:23)
15 error     at C:\Program Files\nodejs\node_modules\npm\node_modules\read-package-json\read-json.js:119:33
15 error     at cb (C:\Program Files\nodejs\node_modules\npm\node_modules\slide\lib\async-map.js:48:11)
15 error     at C:\Program Files\nodejs\node_modules\npm\node_modules\read-package-json\read-json.js:233:59
15 error     at Glob.<anonymous> (C:\Program Files\nodejs\node_modules\npm\node_modules\glob\glob.js:91:7)
15 error     at Glob.EventEmitter.emit (events.js:88:17)
15 error     at Glob._processEmitQueue (C:\Program Files\nodejs\node_modules\npm\node_modules\glob\glob.js:270:10)
15 error     at Glob.emitMatch (C:\Program Files\nodejs\node_modules\npm\node_modules\glob\glob.js:255:8)
15 error     at Glob._finish (C:\Program Files\nodejs\node_modules\npm\node_modules\glob\glob.js:217:8)
16 error If you need help, you may report this log at:
16 error     <http://github.com/isaacs/npm/issues>
16 error or email it to:
16 error     <npm-@googlegroups.com>
17 error System Windows_NT 6.1.7601
18 error command "C:\\Program Files\\nodejs\\\\node.exe" "C:\\Program Files\\nodejs\\node_modules\\npm\\bin\\npm-cli.js" "publish"
19 error cwd C:\Users\Nicholas\projects\personal\parser-lib\npm
20 error node -v v0.8.8
21 error npm -v 1.1.59
22 verbose exit [ 1, true ]
